#
# A fatal error has been detected by the Java Runtime Environment:
#
#  EXCEPTION_ACCESS_VIOLATION (0xc0000005) at pc=0x00007ffea51d6a17, pid=7016, tid=18128
#
# JRE version: OpenJDK Runtime Environment Corretto-21.0.4.7.1 (21.0.4+7) (build 21.0.4+7-LTS)
# Java VM: OpenJDK 64-Bit Server VM Corretto-21.0.4.7.1 (21.0.4+7-LTS, mixed mode, sharing, tiered, compressed oops, compressed class ptrs, g1 gc, windows-amd64)
# Problematic frame:
# C  [glass.dll+0x26a17]
#
# No core dump will be written. Minidumps are not enabled by default on client versions of Windows
#
# If you would like to submit a bug report, please visit:
#   https://github.com/corretto/corretto-21/issues/
#

---------------  S U M M A R Y ------------

Command Line: -javaagent:C:\Program Files\JetBrains\IntelliJ IDEA Community Edition 2024.1.4\lib\idea_rt.jar=51380:C:\Program Files\JetBrains\IntelliJ IDEA Community Edition 2024.1.4\bin -Dfile.encoding=UTF-8 -Dsun.stdout.encoding=UTF-8 -Dsun.stderr.encoding=UTF-8 --module-path=C:\javafx-sdk-21.0.7\lib\javafx.fxml.jar;C:\javafx-sdk-21.0.7\lib\javafx.base.jar;C:\Users\sathwik\Desktop\QuickBillPro\out\production\QuickBillPro;C:\javafx-sdk-21.0.7\lib\javafx.graphics.jar;C:\Users\sathwik\Desktop\QuickBillPro\sqlite-jdbc-3.50.1.0.jar;C:\javafx-sdk-21.0.7\lib\javafx.controls.jar -Djdk.module.main=QuickBillPro QuickBillPro/app.Main

Host: 11th Gen Intel(R) Core(TM) i5-1135G7 @ 2.40GHz, 8 cores, 15G,  Windows 11 , 64 bit Build 26100 (10.0.26100.4202)
Time: Mon Jun 16 13:14:20 2025 India Standard Time elapsed time: 19.782732 seconds (0d 0h 0m 19s)

---------------  T H R E A D  ---------------

Current thread (0x00000298bb73ff10):  VMThread "VM Thread"          [id=18128, stack(0x000000fea5900000,0x000000fea5a00000) (1024K)]

Stack: [0x000000fea5900000,0x000000fea5a00000],  sp=0x000000fea59fee60,  free space=1019k
Native frames: (J=compiled Java code, j=interpreted, Vv=VM code, C=native code)
C  [glass.dll+0x26a17]


siginfo: EXCEPTION_ACCESS_VIOLATION (0xc0000005), reading address 0x0000000000000000


Registers:
RAX=0x0000000000000000, RBX=0x00000298bb7548f2, RCX=0x00000298bb73ff10, RDX=0x000000fea59fee60
RSP=0x000000fea59fee60, RBP=0x0000aed0b77c0413, RSI=0x00000298fdae01d8, RDI=0x00000298fdae01b0
R8 =0x0000000000010002, R9 =0x0000aed0b77c0413, R10=0x000002989a700000, R11=0x000000fea59fed10
R12=0x00007ffea51b0000, R13=0x000000007ffe0385, R14=0x000000fea59fef68, R15=0x00000298fdae01b0
RIP=0x00007ffea51d6a17, EFLAGS=0x0000000000010202


Register to memory mapping:

RAX=0x0 is null
RBX=0x00000298bb7548f2 is a global jni handle
RCX=0x00000298bb73ff10 points into unknown readable memory: 0x00007ffe5ffed8a0 | a0 d8 fe 5f fe 7f 00 00
RDX=0x000000fea59fee60 points into unknown readable memory: 0x0000000000000000 | 00 00 00 00 00 00 00 00
RSP=0x000000fea59fee60 points into unknown readable memory: 0x0000000000000000 | 00 00 00 00 00 00 00 00
RBP=0x0000aed0b77c0413 is an unknown value
RSI=0x00000298fdae01d8 points into unknown readable memory: 0x0000aed0b77c0413 | 13 04 7c b7 d0 ae 00 00
RDI=0x00000298fdae01b0 points into unknown readable memory: 0xfff5863944bc0410 | 10 04 bc 44 39 86 f5 ff
R8 =0x0000000000010002 is an unknown value
R9 =0x0000aed0b77c0413 is an unknown value
R10=0x000002989a700000 points into unknown readable memory: 0x0000000000000000 | 00 00 00 00 00 00 00 00
R11=0x000000fea59fed10 points into unknown readable memory: 0x0000000000000000 | 00 00 00 00 00 00 00 00
R12=0x00007ffea51b0000 glass.dll
R13=0x000000007ffe0385 points into unknown readable memory: 00 00 00
R14=0x000000fea59fef68 points into unknown readable memory: 0x000000fea59fef50 | 50 ef 9f a5 fe 00 00 00
R15=0x00000298fdae01b0 points into unknown readable memory: 0xfff5863944bc0410 | 10 04 bc 44 39 86 f5 ff

Top of Stack: (sp=0x000000fea59fee60)
0x000000fea59fee60:   0000000000000000 0000029800000000
0x000000fea59fee70:   00000298fdadbff0 00007ffea51b0000
0x000000fea59fee80:   00000298fdae01b8 00007ffef295bc75
0x000000fea59fee90:   00000298fdae01b0 0000029800000000
0x000000fea59feea0:   00000298fdae01d0 0000aed0b77c0413
0x000000fea59feeb0:   fffffffffffffffe 00007ffef1f196ab
0x000000fea59feec0:   0000000000000000 00007ffea51b0000
0x000000fea59feed0:   000000fea59fef58 00007ffef295b897
0x000000fea59feee0:   000000fea59fef00 000000fea59fef68
0x000000fea59feef0:   000000fea59ff490 00007ffef2a488c0
0x000000fea59fef00:   0000000000000001 00007ffef295b84d
0x000000fea59fef10:   0000000000000000 0000000000000001
0x000000fea59fef20:   0000000000000000 000000fea59fef58
0x000000fea59fef30:   fffffffffffffffe 000000fea59ff400
0x000000fea59fef40:   0000000000000000 00007ffea51d41ed
0x000000fea59fef50:   00007ffea51ea008 00007ffe00000002
0x000000fea59fef60:   0000000000000002 000000fea59fef50
0x000000fea59fef70:   0000000000000000 00007ffef1525e37
0x000000fea59fef80:   0000000000000000 00007ffea51d4312
0x000000fea59fef90:   0000000000000001 000000007ffe0384
0x000000fea59fefa0:   0000000000000001 00007ffef1528af1
0x000000fea59fefb0:   00007ffef1520000 00007ffef151277e
0x000000fea59fefc0:   0000000000000001 00007ffef1520000
0x000000fea59fefd0:   00007ffea51d4360 0000000000000001
0x000000fea59fefe0:   0000000000000001 00007ffef4d32983
0x000000fea59feff0:   00007ffea51b0000 0000000000000000
0x000000fea59ff000:   0000000000000001 000000007ffe0384
0x000000fea59ff010:   000000000000005e 0000000000000000
0x000000fea59ff020:   0000000000000000 0000000000000000
0x000000fea59ff030:   00007ffea51b0000 ffffc87300000000
0x000000fea59ff040:   000000000000008b 0000000000000000
0x000000fea59ff050:   0000000000000000 000002989aa96e10 

Instructions: (pc=0x00007ffea51d6a17)
0x00007ffea51d6917:   8b 4d 58 e8 8d cf ff ff 48 8b 4d 60 e8 84 cf ff
0x00007ffea51d6927:   ff 48 8b 95 80 00 00 00 48 8b 8d 18 01 00 00 e8
0x00007ffea51d6937:   76 c4 ff ff 33 d2 33 c9 e8 cc e1 ff ff 90 48 89
0x00007ffea51d6947:   54 24 10 55 48 83 ec 20 48 8b ea 48 b8 00 00 00
0x00007ffea51d6957:   00 00 00 00 00 48 83 c4 20 5d c3 cc 40 55 48 8b
0x00007ffea51d6967:   ea 48 8b 01 33 c9 81 38 05 00 00 c0 0f 94 c1 8b
0x00007ffea51d6977:   c1 5d c3 cc 40 55 48 83 ec 20 48 8b ea 8a 4d 40
0x00007ffea51d6987:   48 83 c4 20 5d e9 73 d3 ff ff cc 40 55 48 83 ec
0x00007ffea51d6997:   20 48 8b ea 8a 4d 20 e8 61 d3 ff ff 90 48 83 c4
0x00007ffea51d69a7:   20 5d c3 cc 40 55 48 83 ec 20 48 8b ea 48 83 c4
0x00007ffea51d69b7:   20 5d e9 c2 d1 ff ff cc 40 55 48 83 ec 30 48 8b
0x00007ffea51d69c7:   ea 48 8b 01 8b 10 48 89 4c 24 28 89 54 24 20 4c
0x00007ffea51d69d7:   8d 0d 63 d6 ff ff 4c 8b 45 70 8b 55 68 48 8b 4d
0x00007ffea51d69e7:   60 e8 03 d1 ff ff 90 48 83 c4 30 5d c3 cc cc cc
0x00007ffea51d69f7:   cc cc cc cc cc cc cc cc cc 40 53 48 83 ec 20 48
0x00007ffea51d6a07:   8b 1d fb 2f 01 00 48 85 db 74 16 e8 89 8f ff ff
0x00007ffea51d6a17:   4c 8b 00 48 8b d3 48 8b c8 41 ff 90 b0 00 00 00
0x00007ffea51d6a27:   90 48 83 c4 20 5b c3 cc cc 40 53 48 83 ec 20 48
0x00007ffea51d6a37:   8b 1d 6b 31 01 00 48 85 db 74 57 b8 ff ff ff ff
0x00007ffea51d6a47:   f0 0f c1 43 10 83 f8 01 75 3d 48 85 db 74 38 48
0x00007ffea51d6a57:   8b 0b 48 85 c9 74 0d ff 15 44 08 00 00 48 c7 03
0x00007ffea51d6a67:   00 00 00 00 48 8b 4b 08 48 85 c9 74 0d e8 33 ce
0x00007ffea51d6a77:   ff ff 48 c7 43 08 00 00 00 00 ba 18 00 00 00 48
0x00007ffea51d6a87:   8b cb e8 1e ce ff ff 48 c7 05 0f 31 01 00 00 00
0x00007ffea51d6a97:   00 00 48 83 c4 20 5b c3 cc 40 53 48 83 ec 20 48
0x00007ffea51d6aa7:   8b 1d db 30 01 00 48 85 db 74 57 b8 ff ff ff ff
0x00007ffea51d6ab7:   f0 0f c1 43 10 83 f8 01 75 3d 48 85 db 74 38 48
0x00007ffea51d6ac7:   8b 0b 48 85 c9 74 0d ff 15 d4 07 00 00 48 c7 03
0x00007ffea51d6ad7:   00 00 00 00 48 8b 4b 08 48 85 c9 74 0d e8 c3 cd
0x00007ffea51d6ae7:   ff ff 48 c7 43 08 00 00 00 00 ba 18 00 00 00 48
0x00007ffea51d6af7:   8b cb e8 ae cd ff ff 48 c7 05 7f 30 01 00 00 00
0x00007ffea51d6b07:   00 00 48 83 c4 20 5b c3 cc 40 53 48 83 ec 20 48 


Stack slot to memory mapping:

stack at sp + 0 slots: 0x0 is null
stack at sp + 1 slots: 0x0000029800000000 is an unknown value
stack at sp + 2 slots: 0x00000298fdadbff0 points into unknown readable memory: 0x00000298fdadc680 | 80 c6 ad fd 98 02 00 00
stack at sp + 3 slots: 0x00007ffea51b0000 glass.dll
stack at sp + 4 slots: 0x00000298fdae01b8 points into unknown readable memory: 0x0000aed0b77c0413 | 13 04 7c b7 d0 ae 00 00
stack at sp + 5 slots: 0x00007ffef295bc75 ucrtbase.dll
stack at sp + 6 slots: 0x00000298fdae01b0 points into unknown readable memory: 0xfff5863944bc0410 | 10 04 bc 44 39 86 f5 ff
stack at sp + 7 slots: 0x0000029800000000 is an unknown value

VM_Operation (0x000000fea7bff3d0): Exit, mode: safepoint, requested by thread 0x00000298fde8e460


---------------  P R O C E S S  ---------------

Threads class SMR info:
_java_thread_list=0x000002988cb56390, length=21, elements={
0x000002989c277f50, 0x00000298bb7610e0, 0x00000298bb762c50, 0x00000298bb763ea0,
0x00000298bb768db0, 0x00000298bb769810, 0x00000298bb76e890, 0x00000298fd0184c0,
0x00000298fd01d5e0, 0x00000298fd0e5c00, 0x00000298fd9c15b0, 0x00000298fd9c1c20,
0x00000298fd9c97f0, 0x00000298fdb89030, 0x00000298fdaa41e0, 0x00000298fdf0e210,
0x00000298fdd6c170, 0x00000298fea28760, 0x00000298fde8d0b0, 0x00000298fde8d740,
0x00000298fde8e460
}

Java Threads: ( => current thread )
  0x000002989c277f50 JavaThread "main"                              [_thread_blocked, id=21236, stack(0x000000fea5200000,0x000000fea5300000) (1024K)]
  0x00000298bb7610e0 JavaThread "Reference Handler"          daemon [_thread_blocked, id=18648, stack(0x000000fea5a00000,0x000000fea5b00000) (1024K)]
  0x00000298bb762c50 JavaThread "Finalizer"                  daemon [_thread_blocked, id=22360, stack(0x000000fea5b00000,0x000000fea5c00000) (1024K)]
  0x00000298bb763ea0 JavaThread "Signal Dispatcher"          daemon [_thread_blocked, id=12260, stack(0x000000fea5c00000,0x000000fea5d00000) (1024K)]
  0x00000298bb768db0 JavaThread "Attach Listener"            daemon [_thread_blocked, id=3708, stack(0x000000fea5d00000,0x000000fea5e00000) (1024K)]
  0x00000298bb769810 JavaThread "Service Thread"             daemon [_thread_blocked, id=21120, stack(0x000000fea5e00000,0x000000fea5f00000) (1024K)]
  0x00000298bb76e890 JavaThread "Monitor Deflation Thread"   daemon [_thread_blocked, id=22088, stack(0x000000fea5f00000,0x000000fea6000000) (1024K)]
  0x00000298fd0184c0 JavaThread "C2 CompilerThread0"         daemon [_thread_blocked, id=13596, stack(0x000000fea6000000,0x000000fea6100000) (1024K)]
  0x00000298fd01d5e0 JavaThread "C1 CompilerThread0"         daemon [_thread_blocked, id=19352, stack(0x000000fea6100000,0x000000fea6200000) (1024K)]
  0x00000298fd0e5c00 JavaThread "Common-Cleaner"             daemon [_thread_blocked, id=20740, stack(0x000000fea6200000,0x000000fea6300000) (1024K)]
  0x00000298fd9c15b0 JavaThread "Monitor Ctrl-Break"         daemon [_thread_in_native, id=21220, stack(0x000000fea6500000,0x000000fea6600000) (1024K)]
  0x00000298fd9c1c20 JavaThread "Notification Thread"        daemon [_thread_blocked, id=11972, stack(0x000000fea6600000,0x000000fea6700000) (1024K)]
  0x00000298fd9c97f0 JavaThread "QuantumRenderer-0"          daemon [_thread_blocked, id=19920, stack(0x000000fea6700000,0x000000fea6800000) (1024K)]
  0x00000298fdb89030 JavaThread "InvokeLaterDispatcher"      daemon [_thread_blocked, id=18520, stack(0x000000fea6900000,0x000000fea6a00000) (1024K)]
  0x00000298fdaa41e0 JavaThread "JavaFX Application Thread"         [_thread_in_native, id=13164, stack(0x000000fea6800000,0x000000fea6900000) (1024K)]
  0x00000298fdf0e210 JavaThread "JavaFX-Launcher"                   [_thread_blocked, id=15904, stack(0x000000fea6e00000,0x000000fea6f00000) (1024K)]
  0x00000298fdd6c170 JavaThread "Thread-2"                   daemon [_thread_in_native, id=22168, stack(0x000000fea6d00000,0x000000fea6e00000) (1024K)]
  0x00000298fea28760 JavaThread "Prism Font Disposer"        daemon [_thread_blocked, id=4656, stack(0x000000fea7700000,0x000000fea7800000) (1024K)]
  0x00000298fde8d0b0 JavaThread "Cleaner-0"                  daemon [_thread_blocked, id=13684, stack(0x000000fea6400000,0x000000fea6500000) (1024K)]
  0x00000298fde8d740 JavaThread "mysql-cj-abandoned-connection-cleanup" daemon [_thread_blocked, id=21776, stack(0x000000fea6300000,0x000000fea6400000) (1024K)]
  0x00000298fde8e460 JavaThread "SIGINT handler"             daemon [_thread_blocked, id=3904, stack(0x000000fea7b00000,0x000000fea7c00000) (1024K)]
Total: 21

Other Threads:
=>0x00000298bb73ff10 VMThread "VM Thread"                           [id=18128, stack(0x000000fea5900000,0x000000fea5a00000) (1024K)]
  0x000002989c2e04c0 WorkerThread "GC Thread#0"                     [id=17664, stack(0x000000fea5300000,0x000000fea5400000) (1024K)]
  0x00000298fde5f660 WorkerThread "GC Thread#1"                     [id=21052, stack(0x000000fea6f00000,0x000000fea7000000) (1024K)]
  0x00000298fdeb1100 WorkerThread "GC Thread#2"                     [id=11676, stack(0x000000fea7000000,0x000000fea7100000) (1024K)]
  0x00000298fde821d0 WorkerThread "GC Thread#3"                     [id=22248, stack(0x000000fea7100000,0x000000fea7200000) (1024K)]
  0x00000298fde46f20 WorkerThread "GC Thread#4"                     [id=18928, stack(0x000000fea7200000,0x000000fea7300000) (1024K)]
  0x00000298fdf0c500 WorkerThread "GC Thread#5"                     [id=19652, stack(0x000000fea7300000,0x000000fea7400000) (1024K)]
  0x00000298fe060ed0 WorkerThread "GC Thread#6"                     [id=21288, stack(0x000000fea7800000,0x000000fea7900000) (1024K)]
  0x00000298fe05fcb0 WorkerThread "GC Thread#7"                     [id=15788, stack(0x000000fea7900000,0x000000fea7a00000) (1024K)]
  0x000002989c2f1060 ConcurrentGCThread "G1 Main Marker"            terminated
  0x000002989c2f1b60 WorkerThread "G1 Conc#0"                       [id=4164, stack(0x000000fea5500000,0x000000fea5600000) (1024K)]
  0x000002989c33eb70 ConcurrentGCThread "G1 Refine#0"               terminated
  0x00000298bb5ea760 ConcurrentGCThread "G1 Service"                terminated
Total: 13

Threads with active compile tasks:
C2 CompilerThread0    19901 3977       4       java.util.concurrent.ConcurrentHashMap$ValueIterator::next (34 bytes)
C1 CompilerThread0    19901 3979       3       java.util.LinkedList$ListItr::next (56 bytes)
Total: 2

VM state: at safepoint (shutting down)

VM Mutex/Monitor currently owned by a thread:  ([mutex/lock_event])
[0x00007ffe601c62a8] Threads_lock - owner thread: 0x00000298bb73ff10
[0x00007ffe601c63a8] Heap_lock - owner thread: 0x00000298fde8e460

Heap address: 0x0000000704400000, size: 4028 MB, Compressed Oops mode: Zero based, Oop shift amount: 3

CDS archive(s) mapped at: [0x00000298bc000000-0x00000298bcc90000-0x00000298bcc90000), size 13172736, SharedBaseAddress: 0x00000298bc000000, ArchiveRelocationMode: 1.
Compressed class space mapped at: 0x00000298bd000000-0x00000298fd000000, reserved size: 1073741824
Narrow klass base: 0x00000298bc000000, Narrow klass shift: 0, Narrow klass range: 0x100000000

GC Precious Log:
 CardTable entry size: 512
 Card Set container configuration: InlinePtr #cards 4 size 8 Array Of Cards #cards 16 size 48 Howl #buckets 8 coarsen threshold 3686 Howl Bitmap #cards 512 size 80 coarsen threshold 460 Card regions per heap region 1 cards per card region 4096
 CPUs: 8 total, 8 available
 Memory: 16106M
 Large Page Support: Disabled
 NUMA Support: Disabled
 Compressed Oops: Enabled (Zero based)
 Heap Region Size: 2M
 Heap Min Capacity: 8M
 Heap Initial Capacity: 252M
 Heap Max Capacity: 4028M
 Pre-touch: Disabled
 Parallel Workers: 8
 Concurrent Workers: 2
 Concurrent Refinement Workers: 8
 Periodic GC: Disabled

Heap:
 garbage-first heap   total 258048K, used 55326K [0x0000000704400000, 0x0000000800000000)
  region size 2048K, 27 young (55296K), 3 survivors (6144K)
 Metaspace       used 21076K, committed 21504K, reserved 1114112K
  class space    used 3117K, committed 3328K, reserved 1048576K

Heap Regions: E=young(eden), S=young(survivor), O=old, HS=humongous(starts), HC=humongous(continues), CS=collection set, F=free, TAMS=top-at-mark-start, PB=parsable bottom
|   0|0x0000000704400000, 0x0000000704407be0, 0x0000000704600000|  1%| O|  |TAMS 0x0000000704400000| PB 0x0000000704400000| Untracked 
|   1|0x0000000704600000, 0x0000000704800000, 0x0000000704800000|100%|HS|  |TAMS 0x0000000704600000| PB 0x0000000704600000| Complete 
|   2|0x0000000704800000, 0x0000000704800000, 0x0000000704a00000|  0%| F|  |TAMS 0x0000000704800000| PB 0x0000000704800000| Untracked 
|   3|0x0000000704a00000, 0x0000000704a00000, 0x0000000704c00000|  0%| F|  |TAMS 0x0000000704a00000| PB 0x0000000704a00000| Untracked 
|   4|0x0000000704c00000, 0x0000000704c00000, 0x0000000704e00000|  0%| F|  |TAMS 0x0000000704c00000| PB 0x0000000704c00000| Untracked 
|   5|0x0000000704e00000, 0x0000000704e00000, 0x0000000705000000|  0%| F|  |TAMS 0x0000000704e00000| PB 0x0000000704e00000| Untracked 
|   6|0x0000000705000000, 0x0000000705000000, 0x0000000705200000|  0%| F|  |TAMS 0x0000000705000000| PB 0x0000000705000000| Untracked 
|   7|0x0000000705200000, 0x0000000705200000, 0x0000000705400000|  0%| F|  |TAMS 0x0000000705200000| PB 0x0000000705200000| Untracked 
|   8|0x0000000705400000, 0x0000000705400000, 0x0000000705600000|  0%| F|  |TAMS 0x0000000705400000| PB 0x0000000705400000| Untracked 
|   9|0x0000000705600000, 0x0000000705600000, 0x0000000705800000|  0%| F|  |TAMS 0x0000000705600000| PB 0x0000000705600000| Untracked 
|  10|0x0000000705800000, 0x0000000705800000, 0x0000000705a00000|  0%| F|  |TAMS 0x0000000705800000| PB 0x0000000705800000| Untracked 
|  11|0x0000000705a00000, 0x0000000705a00000, 0x0000000705c00000|  0%| F|  |TAMS 0x0000000705a00000| PB 0x0000000705a00000| Untracked 
|  12|0x0000000705c00000, 0x0000000705c00000, 0x0000000705e00000|  0%| F|  |TAMS 0x0000000705c00000| PB 0x0000000705c00000| Untracked 
|  13|0x0000000705e00000, 0x0000000705e00000, 0x0000000706000000|  0%| F|  |TAMS 0x0000000705e00000| PB 0x0000000705e00000| Untracked 
|  14|0x0000000706000000, 0x0000000706000000, 0x0000000706200000|  0%| F|  |TAMS 0x0000000706000000| PB 0x0000000706000000| Untracked 
|  15|0x0000000706200000, 0x0000000706200000, 0x0000000706400000|  0%| F|  |TAMS 0x0000000706200000| PB 0x0000000706200000| Untracked 
|  16|0x0000000706400000, 0x0000000706400000, 0x0000000706600000|  0%| F|  |TAMS 0x0000000706400000| PB 0x0000000706400000| Untracked 
|  17|0x0000000706600000, 0x0000000706600000, 0x0000000706800000|  0%| F|  |TAMS 0x0000000706600000| PB 0x0000000706600000| Untracked 
|  18|0x0000000706800000, 0x0000000706800000, 0x0000000706a00000|  0%| F|  |TAMS 0x0000000706800000| PB 0x0000000706800000| Untracked 
|  19|0x0000000706a00000, 0x0000000706a00000, 0x0000000706c00000|  0%| F|  |TAMS 0x0000000706a00000| PB 0x0000000706a00000| Untracked 
|  20|0x0000000706c00000, 0x0000000706c00000, 0x0000000706e00000|  0%| F|  |TAMS 0x0000000706c00000| PB 0x0000000706c00000| Untracked 
|  21|0x0000000706e00000, 0x0000000706e00000, 0x0000000707000000|  0%| F|  |TAMS 0x0000000706e00000| PB 0x0000000706e00000| Untracked 
|  22|0x0000000707000000, 0x0000000707000000, 0x0000000707200000|  0%| F|  |TAMS 0x0000000707000000| PB 0x0000000707000000| Untracked 
|  23|0x0000000707200000, 0x0000000707200000, 0x0000000707400000|  0%| F|  |TAMS 0x0000000707200000| PB 0x0000000707200000| Untracked 
|  24|0x0000000707400000, 0x0000000707400000, 0x0000000707600000|  0%| F|  |TAMS 0x0000000707400000| PB 0x0000000707400000| Untracked 
|  25|0x0000000707600000, 0x0000000707600000, 0x0000000707800000|  0%| F|  |TAMS 0x0000000707600000| PB 0x0000000707600000| Untracked 
|  26|0x0000000707800000, 0x0000000707800000, 0x0000000707a00000|  0%| F|  |TAMS 0x0000000707800000| PB 0x0000000707800000| Untracked 
|  27|0x0000000707a00000, 0x0000000707a00000, 0x0000000707c00000|  0%| F|  |TAMS 0x0000000707a00000| PB 0x0000000707a00000| Untracked 
|  28|0x0000000707c00000, 0x0000000707c00000, 0x0000000707e00000|  0%| F|  |TAMS 0x0000000707c00000| PB 0x0000000707c00000| Untracked 
|  29|0x0000000707e00000, 0x0000000707e00000, 0x0000000708000000|  0%| F|  |TAMS 0x0000000707e00000| PB 0x0000000707e00000| Untracked 
|  30|0x0000000708000000, 0x0000000708000000, 0x0000000708200000|  0%| F|  |TAMS 0x0000000708000000| PB 0x0000000708000000| Untracked 
|  31|0x0000000708200000, 0x0000000708200000, 0x0000000708400000|  0%| F|  |TAMS 0x0000000708200000| PB 0x0000000708200000| Untracked 
|  32|0x0000000708400000, 0x0000000708400000, 0x0000000708600000|  0%| F|  |TAMS 0x0000000708400000| PB 0x0000000708400000| Untracked 
|  33|0x0000000708600000, 0x0000000708600000, 0x0000000708800000|  0%| F|  |TAMS 0x0000000708600000| PB 0x0000000708600000| Untracked 
|  34|0x0000000708800000, 0x0000000708800000, 0x0000000708a00000|  0%| F|  |TAMS 0x0000000708800000| PB 0x0000000708800000| Untracked 
|  35|0x0000000708a00000, 0x0000000708a00000, 0x0000000708c00000|  0%| F|  |TAMS 0x0000000708a00000| PB 0x0000000708a00000| Untracked 
|  36|0x0000000708c00000, 0x0000000708c00000, 0x0000000708e00000|  0%| F|  |TAMS 0x0000000708c00000| PB 0x0000000708c00000| Untracked 
|  37|0x0000000708e00000, 0x0000000708e00000, 0x0000000709000000|  0%| F|  |TAMS 0x0000000708e00000| PB 0x0000000708e00000| Untracked 
|  38|0x0000000709000000, 0x0000000709000000, 0x0000000709200000|  0%| F|  |TAMS 0x0000000709000000| PB 0x0000000709000000| Untracked 
|  39|0x0000000709200000, 0x0000000709200000, 0x0000000709400000|  0%| F|  |TAMS 0x0000000709200000| PB 0x0000000709200000| Untracked 
|  40|0x0000000709400000, 0x0000000709400000, 0x0000000709600000|  0%| F|  |TAMS 0x0000000709400000| PB 0x0000000709400000| Untracked 
|  41|0x0000000709600000, 0x0000000709600000, 0x0000000709800000|  0%| F|  |TAMS 0x0000000709600000| PB 0x0000000709600000| Untracked 
|  42|0x0000000709800000, 0x0000000709800000, 0x0000000709a00000|  0%| F|  |TAMS 0x0000000709800000| PB 0x0000000709800000| Untracked 
|  43|0x0000000709a00000, 0x0000000709a00000, 0x0000000709c00000|  0%| F|  |TAMS 0x0000000709a00000| PB 0x0000000709a00000| Untracked 
|  44|0x0000000709c00000, 0x0000000709c00000, 0x0000000709e00000|  0%| F|  |TAMS 0x0000000709c00000| PB 0x0000000709c00000| Untracked 
|  45|0x0000000709e00000, 0x0000000709e00000, 0x000000070a000000|  0%| F|  |TAMS 0x0000000709e00000| PB 0x0000000709e00000| Untracked 
|  46|0x000000070a000000, 0x000000070a000000, 0x000000070a200000|  0%| F|  |TAMS 0x000000070a000000| PB 0x000000070a000000| Untracked 
|  47|0x000000070a200000, 0x000000070a200000, 0x000000070a400000|  0%| F|  |TAMS 0x000000070a200000| PB 0x000000070a200000| Untracked 
|  48|0x000000070a400000, 0x000000070a400000, 0x000000070a600000|  0%| F|  |TAMS 0x000000070a400000| PB 0x000000070a400000| Untracked 
|  49|0x000000070a600000, 0x000000070a600000, 0x000000070a800000|  0%| F|  |TAMS 0x000000070a600000| PB 0x000000070a600000| Untracked 
|  50|0x000000070a800000, 0x000000070a800000, 0x000000070aa00000|  0%| F|  |TAMS 0x000000070a800000| PB 0x000000070a800000| Untracked 
|  51|0x000000070aa00000, 0x000000070aa00000, 0x000000070ac00000|  0%| F|  |TAMS 0x000000070aa00000| PB 0x000000070aa00000| Untracked 
|  52|0x000000070ac00000, 0x000000070ac00000, 0x000000070ae00000|  0%| F|  |TAMS 0x000000070ac00000| PB 0x000000070ac00000| Untracked 
|  53|0x000000070ae00000, 0x000000070ae00000, 0x000000070b000000|  0%| F|  |TAMS 0x000000070ae00000| PB 0x000000070ae00000| Untracked 
|  54|0x000000070b000000, 0x000000070b000000, 0x000000070b200000|  0%| F|  |TAMS 0x000000070b000000| PB 0x000000070b000000| Untracked 
|  55|0x000000070b200000, 0x000000070b200000, 0x000000070b400000|  0%| F|  |TAMS 0x000000070b200000| PB 0x000000070b200000| Untracked 
|  56|0x000000070b400000, 0x000000070b400000, 0x000000070b600000|  0%| F|  |TAMS 0x000000070b400000| PB 0x000000070b400000| Untracked 
|  57|0x000000070b600000, 0x000000070b600000, 0x000000070b800000|  0%| F|  |TAMS 0x000000070b600000| PB 0x000000070b600000| Untracked 
|  58|0x000000070b800000, 0x000000070b800000, 0x000000070ba00000|  0%| F|  |TAMS 0x000000070b800000| PB 0x000000070b800000| Untracked 
|  59|0x000000070ba00000, 0x000000070ba00000, 0x000000070bc00000|  0%| F|  |TAMS 0x000000070ba00000| PB 0x000000070ba00000| Untracked 
|  60|0x000000070bc00000, 0x000000070bc00000, 0x000000070be00000|  0%| F|  |TAMS 0x000000070bc00000| PB 0x000000070bc00000| Untracked 
|  61|0x000000070be00000, 0x000000070be00000, 0x000000070c000000|  0%| F|  |TAMS 0x000000070be00000| PB 0x000000070be00000| Untracked 
|  62|0x000000070c000000, 0x000000070c000000, 0x000000070c200000|  0%| F|  |TAMS 0x000000070c000000| PB 0x000000070c000000| Untracked 
|  63|0x000000070c200000, 0x000000070c200000, 0x000000070c400000|  0%| F|  |TAMS 0x000000070c200000| PB 0x000000070c200000| Untracked 
|  64|0x000000070c400000, 0x000000070c400000, 0x000000070c600000|  0%| F|  |TAMS 0x000000070c400000| PB 0x000000070c400000| Untracked 
|  65|0x000000070c600000, 0x000000070c600000, 0x000000070c800000|  0%| F|  |TAMS 0x000000070c600000| PB 0x000000070c600000| Untracked 
|  66|0x000000070c800000, 0x000000070c800000, 0x000000070ca00000|  0%| F|  |TAMS 0x000000070c800000| PB 0x000000070c800000| Untracked 
|  67|0x000000070ca00000, 0x000000070ca00000, 0x000000070cc00000|  0%| F|  |TAMS 0x000000070ca00000| PB 0x000000070ca00000| Untracked 
|  68|0x000000070cc00000, 0x000000070cc00000, 0x000000070ce00000|  0%| F|  |TAMS 0x000000070cc00000| PB 0x000000070cc00000| Untracked 
|  69|0x000000070ce00000, 0x000000070ce00000, 0x000000070d000000|  0%| F|  |TAMS 0x000000070ce00000| PB 0x000000070ce00000| Untracked 
|  70|0x000000070d000000, 0x000000070d000000, 0x000000070d200000|  0%| F|  |TAMS 0x000000070d000000| PB 0x000000070d000000| Untracked 
|  71|0x000000070d200000, 0x000000070d200000, 0x000000070d400000|  0%| F|  |TAMS 0x000000070d200000| PB 0x000000070d200000| Untracked 
|  72|0x000000070d400000, 0x000000070d400000, 0x000000070d600000|  0%| F|  |TAMS 0x000000070d400000| PB 0x000000070d400000| Untracked 
|  73|0x000000070d600000, 0x000000070d600000, 0x000000070d800000|  0%| F|  |TAMS 0x000000070d600000| PB 0x000000070d600000| Untracked 
|  74|0x000000070d800000, 0x000000070d800000, 0x000000070da00000|  0%| F|  |TAMS 0x000000070d800000| PB 0x000000070d800000| Untracked 
|  75|0x000000070da00000, 0x000000070da00000, 0x000000070dc00000|  0%| F|  |TAMS 0x000000070da00000| PB 0x000000070da00000| Untracked 
|  76|0x000000070dc00000, 0x000000070dc00000, 0x000000070de00000|  0%| F|  |TAMS 0x000000070dc00000| PB 0x000000070dc00000| Untracked 
|  77|0x000000070de00000, 0x000000070de00000, 0x000000070e000000|  0%| F|  |TAMS 0x000000070de00000| PB 0x000000070de00000| Untracked 
|  78|0x000000070e000000, 0x000000070e000000, 0x000000070e200000|  0%| F|  |TAMS 0x000000070e000000| PB 0x000000070e000000| Untracked 
|  79|0x000000070e200000, 0x000000070e200000, 0x000000070e400000|  0%| F|  |TAMS 0x000000070e200000| PB 0x000000070e200000| Untracked 
|  80|0x000000070e400000, 0x000000070e400000, 0x000000070e600000|  0%| F|  |TAMS 0x000000070e400000| PB 0x000000070e400000| Untracked 
|  81|0x000000070e600000, 0x000000070e600000, 0x000000070e800000|  0%| F|  |TAMS 0x000000070e600000| PB 0x000000070e600000| Untracked 
|  82|0x000000070e800000, 0x000000070e800000, 0x000000070ea00000|  0%| F|  |TAMS 0x000000070e800000| PB 0x000000070e800000| Untracked 
|  83|0x000000070ea00000, 0x000000070ea00000, 0x000000070ec00000|  0%| F|  |TAMS 0x000000070ea00000| PB 0x000000070ea00000| Untracked 
|  84|0x000000070ec00000, 0x000000070ec00000, 0x000000070ee00000|  0%| F|  |TAMS 0x000000070ec00000| PB 0x000000070ec00000| Untracked 
|  85|0x000000070ee00000, 0x000000070ee00000, 0x000000070f000000|  0%| F|  |TAMS 0x000000070ee00000| PB 0x000000070ee00000| Untracked 
|  86|0x000000070f000000, 0x000000070f000000, 0x000000070f200000|  0%| F|  |TAMS 0x000000070f000000| PB 0x000000070f000000| Untracked 
|  87|0x000000070f200000, 0x000000070f200000, 0x000000070f400000|  0%| F|  |TAMS 0x000000070f200000| PB 0x000000070f200000| Untracked 
|  88|0x000000070f400000, 0x000000070f400000, 0x000000070f600000|  0%| F|  |TAMS 0x000000070f400000| PB 0x000000070f400000| Untracked 
|  89|0x000000070f600000, 0x000000070f600000, 0x000000070f800000|  0%| F|  |TAMS 0x000000070f600000| PB 0x000000070f600000| Untracked 
|  90|0x000000070f800000, 0x000000070f800000, 0x000000070fa00000|  0%| F|  |TAMS 0x000000070f800000| PB 0x000000070f800000| Untracked 
|  91|0x000000070fa00000, 0x000000070fa00000, 0x000000070fc00000|  0%| F|  |TAMS 0x000000070fa00000| PB 0x000000070fa00000| Untracked 
|  92|0x000000070fc00000, 0x000000070fc00000, 0x000000070fe00000|  0%| F|  |TAMS 0x000000070fc00000| PB 0x000000070fc00000| Untracked 
|  93|0x000000070fe00000, 0x000000070fe00000, 0x0000000710000000|  0%| F|  |TAMS 0x000000070fe00000| PB 0x000000070fe00000| Untracked 
|  94|0x0000000710000000, 0x0000000710000000, 0x0000000710200000|  0%| F|  |TAMS 0x0000000710000000| PB 0x0000000710000000| Untracked 
|  95|0x0000000710200000, 0x0000000710200000, 0x0000000710400000|  0%| F|  |TAMS 0x0000000710200000| PB 0x0000000710200000| Untracked 
|  96|0x0000000710400000, 0x0000000710400000, 0x0000000710600000|  0%| F|  |TAMS 0x0000000710400000| PB 0x0000000710400000| Untracked 
|  97|0x0000000710600000, 0x0000000710600000, 0x0000000710800000|  0%| F|  |TAMS 0x0000000710600000| PB 0x0000000710600000| Untracked 
|  98|0x0000000710800000, 0x0000000710800000, 0x0000000710a00000|  0%| F|  |TAMS 0x0000000710800000| PB 0x0000000710800000| Untracked 
|  99|0x0000000710a00000, 0x0000000710b712a0, 0x0000000710c00000| 72%| E|  |TAMS 0x0000000710a00000| PB 0x0000000710a00000| Complete 
| 100|0x0000000710c00000, 0x0000000710e00000, 0x0000000710e00000|100%| E|CS|TAMS 0x0000000710c00000| PB 0x0000000710c00000| Complete 
| 101|0x0000000710e00000, 0x0000000711000000, 0x0000000711000000|100%| E|CS|TAMS 0x0000000710e00000| PB 0x0000000710e00000| Complete 
| 102|0x0000000711000000, 0x0000000711200000, 0x0000000711200000|100%| S|CS|TAMS 0x0000000711000000| PB 0x0000000711000000| Complete 
| 103|0x0000000711200000, 0x0000000711400000, 0x0000000711400000|100%| S|CS|TAMS 0x0000000711200000| PB 0x0000000711200000| Complete 
| 104|0x0000000711400000, 0x0000000711600000, 0x0000000711600000|100%| S|CS|TAMS 0x0000000711400000| PB 0x0000000711400000| Complete 
| 105|0x0000000711600000, 0x0000000711800000, 0x0000000711800000|100%| E|CS|TAMS 0x0000000711600000| PB 0x0000000711600000| Complete 
| 106|0x0000000711800000, 0x0000000711a00000, 0x0000000711a00000|100%| E|CS|TAMS 0x0000000711800000| PB 0x0000000711800000| Complete 
| 107|0x0000000711a00000, 0x0000000711c00000, 0x0000000711c00000|100%| E|CS|TAMS 0x0000000711a00000| PB 0x0000000711a00000| Complete 
| 108|0x0000000711c00000, 0x0000000711e00000, 0x0000000711e00000|100%| E|CS|TAMS 0x0000000711c00000| PB 0x0000000711c00000| Complete 
| 109|0x0000000711e00000, 0x0000000712000000, 0x0000000712000000|100%| E|CS|TAMS 0x0000000711e00000| PB 0x0000000711e00000| Complete 
| 110|0x0000000712000000, 0x0000000712200000, 0x0000000712200000|100%| E|CS|TAMS 0x0000000712000000| PB 0x0000000712000000| Complete 
| 111|0x0000000712200000, 0x0000000712400000, 0x0000000712400000|100%| E|CS|TAMS 0x0000000712200000| PB 0x0000000712200000| Complete 
| 112|0x0000000712400000, 0x0000000712600000, 0x0000000712600000|100%| E|CS|TAMS 0x0000000712400000| PB 0x0000000712400000| Complete 
| 113|0x0000000712600000, 0x0000000712800000, 0x0000000712800000|100%| E|CS|TAMS 0x0000000712600000| PB 0x0000000712600000| Complete 
| 114|0x0000000712800000, 0x0000000712a00000, 0x0000000712a00000|100%| E|CS|TAMS 0x0000000712800000| PB 0x0000000712800000| Complete 
| 115|0x0000000712a00000, 0x0000000712c00000, 0x0000000712c00000|100%| E|CS|TAMS 0x0000000712a00000| PB 0x0000000712a00000| Complete 
| 116|0x0000000712c00000, 0x0000000712e00000, 0x0000000712e00000|100%| E|CS|TAMS 0x0000000712c00000| PB 0x0000000712c00000| Complete 
| 117|0x0000000712e00000, 0x0000000713000000, 0x0000000713000000|100%| E|CS|TAMS 0x0000000712e00000| PB 0x0000000712e00000| Complete 
| 118|0x0000000713000000, 0x0000000713200000, 0x0000000713200000|100%| E|CS|TAMS 0x0000000713000000| PB 0x0000000713000000| Complete 
| 119|0x0000000713200000, 0x0000000713400000, 0x0000000713400000|100%| E|CS|TAMS 0x0000000713200000| PB 0x0000000713200000| Complete 
| 120|0x0000000713400000, 0x0000000713600000, 0x0000000713600000|100%| E|CS|TAMS 0x0000000713400000| PB 0x0000000713400000| Complete 
| 121|0x0000000713600000, 0x0000000713800000, 0x0000000713800000|100%| E|CS|TAMS 0x0000000713600000| PB 0x0000000713600000| Complete 
| 122|0x0000000713800000, 0x0000000713a00000, 0x0000000713a00000|100%| E|CS|TAMS 0x0000000713800000| PB 0x0000000713800000| Complete 
| 123|0x0000000713a00000, 0x0000000713c00000, 0x0000000713c00000|100%| E|CS|TAMS 0x0000000713a00000| PB 0x0000000713a00000| Complete 
| 124|0x0000000713c00000, 0x0000000713e00000, 0x0000000713e00000|100%| E|CS|TAMS 0x0000000713c00000| PB 0x0000000713c00000| Complete 
| 125|0x0000000713e00000, 0x0000000714000000, 0x0000000714000000|100%| E|CS|TAMS 0x0000000713e00000| PB 0x0000000713e00000| Complete 

Card table byte_map: [0x00000298b4c80000,0x00000298b5460000] _byte_map_base: 0x00000298b145e000

Marking Bits: (CMBitMap*) 0x000002989c2e0bc0
 Bits: [0x00000298b5460000, 0x00000298b9350000)

Polling page: 0x000002989a9e0000

Metaspace:

Usage:
  Non-class:     17.54 MB used.
      Class:      3.04 MB used.
       Both:     20.58 MB used.

Virtual space:
  Non-class space:       64.00 MB reserved,      17.75 MB ( 28%) committed,  1 nodes.
      Class space:        1.00 GB reserved,       3.25 MB ( <1%) committed,  1 nodes.
             Both:        1.06 GB reserved,      21.00 MB (  2%) committed. 

Chunk freelists:
   Non-Class:  13.69 MB
       Class:  12.66 MB
        Both:  26.34 MB

MaxMetaspaceSize: unlimited
CompressedClassSpaceSize: 1.00 GB
Initial GC threshold: 21.00 MB
Current GC threshold: 21.00 MB
CDS: on
 - commit_granule_bytes: 65536.
 - commit_granule_words: 8192.
 - virtual_space_node_default_size: 8388608.
 - enlarge_chunks_in_place: 1.
 - use_allocation_guard: 0.


Internal statistics:

num_allocs_failed_limit: 0.
num_arena_births: 434.
num_arena_deaths: 0.
num_vsnodes_births: 2.
num_vsnodes_deaths: 0.
num_space_committed: 336.
num_space_uncommitted: 0.
num_chunks_returned_to_freelist: 0.
num_chunks_taken_from_freelist: 1143.
num_chunk_merges: 0.
num_chunk_splits: 786.
num_chunks_enlarged: 581.
num_inconsistent_stats: 0.

CodeHeap 'non-profiled nmethods': size=120000Kb used=1726Kb max_used=1726Kb free=118273Kb
 bounds [0x00000298ac510000, 0x00000298ac780000, 0x00000298b3a40000]
CodeHeap 'profiled nmethods': size=120000Kb used=7477Kb max_used=7477Kb free=112522Kb
 bounds [0x00000298a4a40000, 0x00000298a5190000, 0x00000298abf70000]
CodeHeap 'non-nmethods': size=5760Kb used=2099Kb max_used=2159Kb free=3660Kb
 bounds [0x00000298abf70000, 0x00000298ac1e0000, 0x00000298ac510000]
 total_blobs=4828 nmethods=3975 adapters=756
 compilation: enabled
              stopped_count=0, restarted_count=0
 full_count=0

Compilation events (20 events):
Event: 11.595 Thread 0x00000298fd01d5e0 3973       3       com.sun.prism.impl.ps.BaseShaderGraphics::renderGeneralRoundedPgram (1199 bytes)
Event: 11.598 Thread 0x00000298fd01d5e0 nmethod 3973 0x00000298a5189910 code [0x00000298a5189e40, 0x00000298a518c230]
Event: 11.598 Thread 0x00000298fd01d5e0 3963       1       javafx.scene.layout.Region::computeMaxWidth (4 bytes)
Event: 11.598 Thread 0x00000298fd01d5e0 nmethod 3963 0x00000298ac6b8990 code [0x00000298ac6b8b40, 0x00000298ac6b8c10]
Event: 11.627 Thread 0x00000298fd0184c0 nmethod 3931 0x00000298ac6b8c90 code [0x00000298ac6b9020, 0x00000298ac6bb740]
Event: 11.627 Thread 0x00000298fd0184c0 3947       4       java.util.concurrent.locks.ReentrantLock::unlock (10 bytes)
Event: 11.628 Thread 0x00000298fd0184c0 nmethod 3947 0x00000298ac6bce10 code [0x00000298ac6bcfc0, 0x00000298ac6bd1b8]
Event: 11.628 Thread 0x00000298fd0184c0 3916       4       javafx.scene.Parent::requestLayout (14 bytes)
Event: 11.631 Thread 0x00000298fd0184c0 nmethod 3916 0x00000298ac6bd310 code [0x00000298ac6bd500, 0x00000298ac6bd8b8]
Event: 11.631 Thread 0x00000298fd0184c0 3967       4       java.nio.Buffer::nextPutIndex (30 bytes)
Event: 11.631 Thread 0x00000298fd0184c0 nmethod 3967 0x00000298ac6bdb90 code [0x00000298ac6bdd00, 0x00000298ac6bddb8]
Event: 11.631 Thread 0x00000298fd0184c0 3921       4       java.util.HashMap::afterNodeRemoval (1 bytes)
Event: 11.631 Thread 0x00000298fd0184c0 nmethod 3921 0x00000298ac6bde90 code [0x00000298ac6be000, 0x00000298ac6be088]
Event: 11.766 Thread 0x000002988adbf440 nmethod 3906 0x00000298ac6be190 code [0x00000298ac6be340, 0x00000298ac6bf628]
Event: 19.244 Thread 0x00000298fd01d5e0 3976       1       java.util.logging.LogManager$LoggerContext::getOwner (5 bytes)
Event: 19.244 Thread 0x00000298fd01d5e0 nmethod 3976 0x00000298ac6bf790 code [0x00000298ac6bf920, 0x00000298ac6bf9f0]
Event: 19.244 Thread 0x00000298fd0184c0 3977       4       java.util.concurrent.ConcurrentHashMap$ValueIterator::next (34 bytes)
Event: 19.245 Thread 0x00000298fd01d5e0 3978       3       java.lang.invoke.MemberName$Factory::resolveOrNull (54 bytes)
Event: 19.246 Thread 0x00000298fd01d5e0 nmethod 3978 0x00000298a518d110 code [0x00000298a518d2e0, 0x00000298a518d590]
Event: 19.246 Thread 0x00000298fd01d5e0 3979       3       java.util.LinkedList$ListItr::next (56 bytes)

GC Heap History (4 events):
Event: 0.388 GC heap before
{Heap before GC invocations=0 (full 0):
 garbage-first heap   total 258048K, used 20480K [0x0000000704400000, 0x0000000800000000)
  region size 2048K, 11 young (22528K), 0 survivors (0K)
 Metaspace       used 4812K, committed 4992K, reserved 1114112K
  class space    used 560K, committed 640K, reserved 1048576K
}
Event: 0.391 GC heap after
{Heap after GC invocations=1 (full 0):
 garbage-first heap   total 258048K, used 2726K [0x0000000704400000, 0x0000000800000000)
  region size 2048K, 2 young (4096K), 2 survivors (4096K)
 Metaspace       used 4812K, committed 4992K, reserved 1114112K
  class space    used 560K, committed 640K, reserved 1048576K
}
Event: 0.824 GC heap before
{Heap before GC invocations=1 (full 0):
 garbage-first heap   total 258048K, used 39590K [0x0000000704400000, 0x0000000800000000)
  region size 2048K, 21 young (43008K), 2 survivors (4096K)
 Metaspace       used 13424K, committed 13760K, reserved 1114112K
  class space    used 2127K, committed 2304K, reserved 1048576K
}
Event: 0.828 GC heap after
{Heap after GC invocations=2 (full 0):
 garbage-first heap   total 258048K, used 6174K [0x0000000704400000, 0x0000000800000000)
  region size 2048K, 3 young (6144K), 3 survivors (6144K)
 Metaspace       used 13424K, committed 13760K, reserved 1114112K
  class space    used 2127K, committed 2304K, reserved 1048576K
}

Dll operation events (20 events):
Event: 0.217 Loaded shared library C:\javafx-sdk-21.0.7\bin\api-ms-win-crt-math-l1-1-0.dll
Event: 0.218 Loaded shared library C:\javafx-sdk-21.0.7\bin\api-ms-win-crt-multibyte-l1-1-0.dll
Event: 0.219 Loaded shared library C:\javafx-sdk-21.0.7\bin\api-ms-win-crt-private-l1-1-0.dll
Event: 0.220 Loaded shared library C:\javafx-sdk-21.0.7\bin\api-ms-win-crt-process-l1-1-0.dll
Event: 0.220 Loaded shared library C:\javafx-sdk-21.0.7\bin\api-ms-win-crt-runtime-l1-1-0.dll
Event: 0.221 Loaded shared library C:\javafx-sdk-21.0.7\bin\api-ms-win-crt-stdio-l1-1-0.dll
Event: 0.221 Loaded shared library C:\javafx-sdk-21.0.7\bin\api-ms-win-crt-string-l1-1-0.dll
Event: 0.222 Loaded shared library C:\javafx-sdk-21.0.7\bin\api-ms-win-crt-time-l1-1-0.dll
Event: 0.222 Loaded shared library C:\javafx-sdk-21.0.7\bin\api-ms-win-crt-utility-l1-1-0.dll
Event: 0.223 Loaded shared library C:\javafx-sdk-21.0.7\bin\ucrtbase.dll
Event: 0.224 Loaded shared library C:\javafx-sdk-21.0.7\bin\vcruntime140.dll
Event: 0.225 Loaded shared library C:\javafx-sdk-21.0.7\bin\vcruntime140_1.dll
Event: 0.225 Loaded shared library C:\javafx-sdk-21.0.7\bin\msvcp140.dll
Event: 0.226 Loaded shared library C:\javafx-sdk-21.0.7\bin\msvcp140_1.dll
Event: 0.227 Loaded shared library C:\javafx-sdk-21.0.7\bin\msvcp140_2.dll
Event: 0.257 Loaded shared library C:\javafx-sdk-21.0.7\bin\prism_d3d.dll
Event: 0.294 Loaded shared library C:\javafx-sdk-21.0.7\bin\glass.dll
Event: 0.393 Loaded shared library C:\Users\sathwik\.jdks\corretto-21.0.4\bin\jimage.dll
Event: 0.538 Loaded shared library C:\javafx-sdk-21.0.7\bin\javafx_font.dll
Event: 3.201 Loaded shared library C:\Users\sathwik\AppData\Local\Temp\sqlite-3.50.1.0-032e893b-d70e-42b0-89f1-a1c5162e2c6a-sqlitejdbc.dll

Deoptimization events (20 events):
Event: 11.549 Thread 0x00000298fdaa41e0 Uncommon trap: trap_request=0xffffff45 fr.pc=0x00000298ac677904 relative=0x00000000000000c4
Event: 11.549 Thread 0x00000298fdaa41e0 Uncommon trap: reason=unstable_if action=reinterpret pc=0x00000298ac677904 method=java.lang.Math.max(DD)D @ 28 c2
Event: 11.549 Thread 0x00000298fdaa41e0 DEOPT PACKING pc=0x00000298ac677904 sp=0x000000fea68f9b40
Event: 11.549 Thread 0x00000298fdaa41e0 DEOPT UNPACKING pc=0x00000298abfc7da2 sp=0x000000fea68f9ae0 mode 2
Event: 11.551 Thread 0x00000298fdaa41e0 Uncommon trap: trap_request=0xffffffbe fr.pc=0x00000298ac68985c relative=0x00000000000007bc
Event: 11.551 Thread 0x00000298fdaa41e0 Uncommon trap: reason=profile_predicate action=maybe_recompile pc=0x00000298ac68985c method=javafx.css.CompoundSelector.applies(Ljavafx/css/Styleable;[Ljava/util/Set;I)Z @ 89 c2
Event: 11.551 Thread 0x00000298fdaa41e0 DEOPT PACKING pc=0x00000298ac68985c sp=0x000000fea68f8cd0
Event: 11.551 Thread 0x00000298fdaa41e0 DEOPT UNPACKING pc=0x00000298abfc7da2 sp=0x000000fea68f8ca0 mode 2
Event: 11.558 Thread 0x00000298fdaa41e0 Uncommon trap: trap_request=0xffffffbe fr.pc=0x00000298ac68985c relative=0x00000000000007bc
Event: 11.558 Thread 0x00000298fdaa41e0 Uncommon trap: reason=profile_predicate action=maybe_recompile pc=0x00000298ac68985c method=javafx.css.CompoundSelector.applies(Ljavafx/css/Styleable;[Ljava/util/Set;I)Z @ 89 c2
Event: 11.558 Thread 0x00000298fdaa41e0 DEOPT PACKING pc=0x00000298ac68985c sp=0x000000fea68f91c0
Event: 11.558 Thread 0x00000298fdaa41e0 DEOPT UNPACKING pc=0x00000298abfc7da2 sp=0x000000fea68f9190 mode 2
Event: 11.560 Thread 0x00000298fdaa41e0 DEOPT PACKING pc=0x00000298a4bdfc73 sp=0x000000fea68f8af0
Event: 11.560 Thread 0x00000298fdaa41e0 DEOPT UNPACKING pc=0x00000298abfc88e2 sp=0x000000fea68f7f80 mode 0
Event: 11.560 Thread 0x00000298fdaa41e0 Uncommon trap: trap_request=0xffffff6e fr.pc=0x00000298ac5fa780 relative=0x00000000000006c0
Event: 11.560 Thread 0x00000298fdaa41e0 Uncommon trap: reason=loop_limit_check action=maybe_recompile pc=0x00000298ac5fa780 method=com.sun.javafx.image.impl.ByteBgra$ToByteBgraPreConv.doConvert([BII[BIIII)V @ 27 c2
Event: 11.560 Thread 0x00000298fdaa41e0 DEOPT PACKING pc=0x00000298ac5fa780 sp=0x000000fea68f8ac0
Event: 11.560 Thread 0x00000298fdaa41e0 DEOPT UNPACKING pc=0x00000298abfc7da2 sp=0x000000fea68f8a90 mode 2
Event: 11.560 Thread 0x00000298fdaa41e0 DEOPT PACKING pc=0x00000298a4be0f97 sp=0x000000fea68f8af0
Event: 11.560 Thread 0x00000298fdaa41e0 DEOPT UNPACKING pc=0x00000298abfc88e2 sp=0x000000fea68f7f80 mode 0

Classes loaded (20 events):
Event: 4.848 Loading class sun/reflect/generics/tree/BottomSignature
Event: 4.848 Loading class sun/reflect/generics/tree/BottomSignature done
Event: 4.848 Loading class sun/reflect/generics/tree/Wildcard
Event: 4.848 Loading class sun/reflect/generics/tree/Wildcard done
Event: 4.848 Loading class sun/reflect/generics/reflectiveObjects/WildcardTypeImpl
Event: 4.848 Loading class java/lang/reflect/WildcardType
Event: 4.848 Loading class java/lang/reflect/WildcardType done
Event: 4.848 Loading class sun/reflect/generics/reflectiveObjects/WildcardTypeImpl done
Event: 5.134 Loading class java/lang/FdLibm$Acos
Event: 5.134 Loading class java/lang/FdLibm$Acos done
Event: 11.515 Loading class java/util/concurrent/atomic/AtomicReferenceFieldUpdater
Event: 11.515 Loading class java/util/concurrent/atomic/AtomicReferenceFieldUpdater done
Event: 11.515 Loading class java/util/concurrent/atomic/AtomicReferenceFieldUpdater$AtomicReferenceFieldUpdaterImpl
Event: 11.515 Loading class java/util/concurrent/atomic/AtomicReferenceFieldUpdater$AtomicReferenceFieldUpdaterImpl done
Event: 11.515 Loading class java/util/concurrent/atomic/AtomicReferenceFieldUpdater$AtomicReferenceFieldUpdaterImpl$1
Event: 11.515 Loading class java/util/concurrent/atomic/AtomicReferenceFieldUpdater$AtomicReferenceFieldUpdaterImpl$1 done
Event: 11.516 Loading class sun/reflect/misc/ReflectUtil
Event: 11.516 Loading class sun/reflect/misc/ReflectUtil done
Event: 19.243 Loading class jdk/internal/misc/Signal$1
Event: 19.243 Loading class jdk/internal/misc/Signal$1 done

Classes unloaded (0 events):
No events

Classes redefined (0 events):
No events

Internal exceptions (20 events):
Event: 0.862 Thread 0x00000298fdaa41e0 Exception <a 'java/lang/NoSuchMethodError'{0x0000000713c6e098}: 'int java.lang.invoke.DirectMethodHandle$Holder.invokeSpecial(java.lang.Object, java.lang.Object, int)'> (0x0000000713c6e098) 
thrown [s\src\hotspot\share\interpreter\linkResolver.cpp, line 773]
Event: 0.873 Thread 0x00000298fdaa41e0 Exception <a 'java/lang/NoSuchMethodError'{0x0000000713d0b080}: 'java.lang.Object java.lang.invoke.DirectMethodHandle$Holder.newInvokeSpecial(java.lang.Object, java.lang.Object, int)'> (0x0000000713d0b080) 
thrown [s\src\hotspot\share\interpreter\linkResolver.cpp, line 773]
Event: 0.909 Thread 0x00000298fd9c97f0 Exception <a 'java/lang/NoSuchMethodError'{0x0000000713aa8db0}: 'int java.lang.invoke.DirectMethodHandle$Holder.invokeStaticInit(java.lang.Object, java.lang.Object)'> (0x0000000713aa8db0) 
thrown [s\src\hotspot\share\interpreter\linkResolver.cpp, line 773]
Event: 0.914 Thread 0x00000298fdaa41e0 Exception <a 'java/lang/NoSuchMethodError'{0x0000000713b3ec00}: 'long java.lang.invoke.DirectMethodHandle$Holder.invokeStatic(java.lang.Object, java.lang.Object, java.lang.Object)'> (0x0000000713b3ec00) 
thrown [s\src\hotspot\share\interpreter\linkResolver.cpp, line 773]
Event: 0.914 Thread 0x00000298fdaa41e0 Exception <a 'java/lang/NoSuchMethodError'{0x0000000713b42000}: 'long java.lang.invoke.DirectMethodHandle$Holder.invokeStaticInit(java.lang.Object, java.lang.Object, java.lang.Object)'> (0x0000000713b42000) 
thrown [s\src\hotspot\share\interpreter\linkResolver.cpp, line 773]
Event: 0.916 Thread 0x00000298fdaa41e0 Exception <a 'java/lang/NoSuchMethodError'{0x0000000713b56c78}: 'java.lang.Object java.lang.invoke.DirectMethodHandle$Holder.newInvokeSpecial(java.lang.Object, java.lang.Object, long)'> (0x0000000713b56c78) 
thrown [s\src\hotspot\share\interpreter\linkResolver.cpp, line 773]
Event: 0.916 Thread 0x00000298fdaa41e0 Exception <a 'java/lang/NoSuchMethodError'{0x0000000713b5a5c0}: 'java.lang.Object java.lang.invoke.Invokers$Holder.linkToTargetMethod(java.lang.Object, long, java.lang.Object)'> (0x0000000713b5a5c0) 
thrown [s\src\hotspot\share\interpreter\linkResolver.cpp, line 773]
Event: 0.927 Thread 0x00000298fd9c97f0 Exception <a 'java/lang/NoSuchMethodError'{0x0000000713898a90}: 'java.lang.Object java.lang.invoke.DirectMethodHandle$Holder.invokeStaticInit(java.lang.Object, int)'> (0x0000000713898a90) 
thrown [s\src\hotspot\share\interpreter\linkResolver.cpp, line 773]
Event: 1.059 Thread 0x00000298bb768db0 Exception <a 'sun/nio/fs/WindowsException'{0x000000071358d888}> (0x000000071358d888) 
thrown [s\src\hotspot\share\prims\jni.cpp, line 520]
Event: 2.987 Thread 0x00000298fdaa41e0 Exception <a 'sun/nio/fs/WindowsException'{0x000000071324c650}> (0x000000071324c650) 
thrown [s\src\hotspot\share\prims\jni.cpp, line 520]
Event: 3.025 Thread 0x00000298fdaa41e0 Exception <a 'sun/nio/fs/WindowsException'{0x00000007131c1518}> (0x00000007131c1518) 
thrown [s\src\hotspot\share\prims\jni.cpp, line 520]
Event: 3.058 Thread 0x00000298fdaa41e0 Exception <a 'java/lang/NoSuchMethodError'{0x0000000712e90b48}: 'java.lang.Object java.lang.invoke.DirectMethodHandle$Holder.invokeStaticInit(java.lang.Object, int, int, int, int)'> (0x0000000712e90b48) 
thrown [s\src\hotspot\share\interpreter\linkResolver.cpp, line 773]
Event: 3.078 Thread 0x00000298fdaa41e0 Exception <a 'java/lang/NoSuchMethodError'{0x0000000712f2b098}: 'java.lang.Object java.lang.invoke.DirectMethodHandle$Holder.invokeStaticInit(java.lang.Object, java.lang.Object, int, int, int, int)'> (0x0000000712f2b098) 
thrown [s\src\hotspot\share\interpreter\linkResolver.cpp, line 773]
Event: 3.080 Thread 0x00000298fdaa41e0 Exception <a 'sun/nio/fs/WindowsException'{0x0000000712f32f48}> (0x0000000712f32f48) 
thrown [s\src\hotspot\share\prims\jni.cpp, line 520]
Event: 3.080 Thread 0x00000298fdaa41e0 Exception <a 'sun/nio/fs/WindowsException'{0x0000000712f3b418}> (0x0000000712f3b418) 
thrown [s\src\hotspot\share\prims\jni.cpp, line 520]
Event: 3.081 Thread 0x00000298fdaa41e0 Exception <a 'sun/nio/fs/WindowsException'{0x0000000712f3c420}> (0x0000000712f3c420) 
thrown [s\src\hotspot\share\prims\jni.cpp, line 520]
Event: 4.862 Thread 0x00000298fdaa41e0 Exception <a 'java/lang/NoSuchMethodError'{0x00000007129e8f70}: 'java.lang.Object java.lang.invoke.DirectMethodHandle$Holder.invokeSpecial(java.lang.Object, java.lang.Object, int, java.lang.Object, long)'> (0x00000007129e8f70) 
thrown [s\src\hotspot\share\interpreter\linkResolver.cpp, line 773]
Event: 4.959 Thread 0x00000298fdaa41e0 Exception <a 'java/lang/NoSuchMethodError'{0x00000007122ed8a0}: 'int java.lang.invoke.DirectMethodHandle$Holder.invokeVirtual(java.lang.Object, java.lang.Object)'> (0x00000007122ed8a0) 
thrown [s\src\hotspot\share\interpreter\linkResolver.cpp, line 773]
Event: 4.960 Thread 0x00000298fdaa41e0 Exception <a 'java/lang/NoSuchMethodError'{0x00000007122fb0e0}: 'double java.lang.invoke.DirectMethodHandle$Holder.invokeVirtual(java.lang.Object, java.lang.Object)'> (0x00000007122fb0e0) 
thrown [s\src\hotspot\share\interpreter\linkResolver.cpp, line 773]
Event: 4.960 Thread 0x00000298fdaa41e0 Exception <a 'java/lang/NoSuchMethodError'{0x00000007122fee28}: 'double java.lang.invoke.DelegatingMethodHandle$Holder.reinvoke_L(java.lang.Object, java.lang.Object)'> (0x00000007122fee28) 
thrown [s\src\hotspot\share\interpreter\linkResolver.cpp, line 773]

ZGC Phase Switch (0 events):
No events

VM Operations (20 events):
Event: 5.006 Executing VM operation: ICBufferFull done
Event: 5.157 Executing VM operation: HandshakeAllThreads (Deoptimize)
Event: 5.157 Executing VM operation: HandshakeAllThreads (Deoptimize) done
Event: 5.216 Executing VM operation: ICBufferFull
Event: 5.216 Executing VM operation: ICBufferFull done
Event: 6.179 Executing VM operation: ICBufferFull
Event: 6.179 Executing VM operation: ICBufferFull done
Event: 7.179 Executing VM operation: Cleanup
Event: 7.179 Executing VM operation: Cleanup done
Event: 8.180 Executing VM operation: Cleanup
Event: 8.180 Executing VM operation: Cleanup done
Event: 9.180 Executing VM operation: Cleanup
Event: 9.180 Executing VM operation: Cleanup done
Event: 11.559 Executing VM operation: HandshakeAllThreads (Deoptimize)
Event: 11.559 Executing VM operation: HandshakeAllThreads (Deoptimize) done
Event: 11.559 Executing VM operation: Cleanup
Event: 11.559 Executing VM operation: Cleanup done
Event: 12.559 Executing VM operation: Cleanup
Event: 12.559 Executing VM operation: Cleanup done
Event: 19.246 Executing VM operation: Exit

Memory protections (0 events):
No events

Nmethod flushes (0 events):
No events

Events (20 events):
Event: 1.200 Thread 0x00000298fd10f0b0 Thread exited: 0x00000298fd10f0b0
Event: 2.992 Thread 0x00000298fdaa41e0 Thread added: 0x00000298fde8d740
Event: 3.027 Thread 0x00000298fd01d5e0 Thread added: 0x00000298fe3b2e40
Event: 3.945 Thread 0x00000298fe3b2e40 Thread exited: 0x00000298fe3b2e40
Event: 4.853 Thread 0x00000298fd01d5e0 Thread added: 0x00000298fea491e0
Event: 4.889 Thread 0x00000298fd01d5e0 Thread added: 0x000002988a76cf20
Event: 5.306 Thread 0x000002988a76cf20 Thread exited: 0x000002988a76cf20
Event: 5.345 Thread 0x00000298fea491e0 Thread exited: 0x00000298fea491e0
Event: 6.167 Thread 0x00000298fd01d5e0 Thread added: 0x000002988adbe6a0
Event: 6.175 Thread 0x00000298fd01d5e0 Thread added: 0x000002988adbed70
Event: 6.400 Thread 0x000002988adbed70 Thread exited: 0x000002988adbed70
Event: 6.400 Thread 0x000002988adbe6a0 Thread exited: 0x000002988adbe6a0
Event: 11.581 Thread 0x00000298fd01d5e0 Thread added: 0x000002988adbf440
Event: 16.766 Thread 0x000002988adbf440 Thread exited: 0x000002988adbf440
Event: 19.243 Thread 0x00000298bb763ea0 Thread added: 0x00000298fde8e460
Event: 19.244 Thread 0x00000298fde8e460 Thread added: 0x00000298fde8eaf0
Event: 19.244 Thread 0x00000298fde8e460 Thread added: 0x00000298fde8fea0
Event: 19.244 Thread 0x00000298fde8eaf0 Thread exited: 0x00000298fde8eaf0
Event: 19.245 Thread 0x00000298fde8fea0 Thread exited: 0x00000298fde8fea0
Event: 19.246 Thread 0x00000298fde8e460 Before exit entered


Dynamic libraries:
0x00007ff66dc70000 - 0x00007ff66dc7e000 	C:\Users\sathwik\.jdks\corretto-21.0.4\bin\java.exe
0x00007ffef4cc0000 - 0x00007ffef4f25000 	C:\WINDOWS\SYSTEM32\ntdll.dll
0x00007ffef34f0000 - 0x00007ffef35b9000 	C:\WINDOWS\System32\KERNEL32.DLL
0x00007ffef1e10000 - 0x00007ffef21f8000 	C:\WINDOWS\System32\KERNELBASE.dll
0x00007ffef2910000 - 0x00007ffef2a5b000 	C:\WINDOWS\System32\ucrtbase.dll
0x00007ffed5210000 - 0x00007ffed5228000 	C:\Users\sathwik\.jdks\corretto-21.0.4\bin\jli.dll
0x00007ffed5290000 - 0x00007ffed52ab000 	C:\Users\sathwik\.jdks\corretto-21.0.4\bin\VCRUNTIME140.dll
0x00007ffef43b0000 - 0x00007ffef457a000 	C:\WINDOWS\System32\USER32.dll
0x00007ffed1f80000 - 0x00007ffed221a000 	C:\WINDOWS\WinSxS\amd64_microsoft.windows.common-controls_6595b64144ccf1df_6.0.26100.4202_none_3e0698d4e335f517\COMCTL32.dll
0x00007ffef23d0000 - 0x00007ffef23f7000 	C:\WINDOWS\System32\win32u.dll
0x00007ffef40b0000 - 0x00007ffef4159000 	C:\WINDOWS\System32\msvcrt.dll
0x00007ffef3d30000 - 0x00007ffef3d5b000 	C:\WINDOWS\System32\GDI32.dll
0x00007ffef2290000 - 0x00007ffef23c7000 	C:\WINDOWS\System32\gdi32full.dll
0x00007ffef2560000 - 0x00007ffef2603000 	C:\WINDOWS\System32\msvcp_win.dll
0x00007ffef2a60000 - 0x00007ffef2a90000 	C:\WINDOWS\System32\IMM32.DLL
0x00007ffed5160000 - 0x00007ffed516c000 	C:\Users\sathwik\.jdks\corretto-21.0.4\bin\vcruntime140_1.dll
0x00007ffec3cf0000 - 0x00007ffec3d7d000 	C:\Users\sathwik\.jdks\corretto-21.0.4\bin\msvcp140.dll
0x00007ffe5f510000 - 0x00007ffe602a6000 	C:\Users\sathwik\.jdks\corretto-21.0.4\bin\server\jvm.dll
0x00007ffef32b0000 - 0x00007ffef3363000 	C:\WINDOWS\System32\ADVAPI32.dll
0x00007ffef3200000 - 0x00007ffef32a6000 	C:\WINDOWS\System32\sechost.dll
0x00007ffef3c10000 - 0x00007ffef3d25000 	C:\WINDOWS\System32\RPCRT4.dll
0x00007ffef35c0000 - 0x00007ffef3634000 	C:\WINDOWS\System32\WS2_32.dll
0x00007ffef0a30000 - 0x00007ffef0a8e000 	C:\WINDOWS\SYSTEM32\POWRPROF.dll
0x00007ffee5e40000 - 0x00007ffee5e4b000 	C:\WINDOWS\SYSTEM32\VERSION.dll
0x00007ffee6730000 - 0x00007ffee6765000 	C:\WINDOWS\SYSTEM32\WINMM.dll
0x00007ffef0a10000 - 0x00007ffef0a24000 	C:\WINDOWS\SYSTEM32\UMPDC.dll
0x00007ffef0cf0000 - 0x00007ffef0d0b000 	C:\WINDOWS\SYSTEM32\kernel.appcore.dll
0x00007ffed4e10000 - 0x00007ffed4e1a000 	C:\Users\sathwik\.jdks\corretto-21.0.4\bin\jimage.dll
0x00007ffeef4b0000 - 0x00007ffeef6f1000 	C:\WINDOWS\SYSTEM32\DBGHELP.DLL
0x00007ffef3640000 - 0x00007ffef39c5000 	C:\WINDOWS\System32\combase.dll
0x00007ffef3370000 - 0x00007ffef3451000 	C:\WINDOWS\System32\OLEAUT32.dll
0x00007ffeca750000 - 0x00007ffeca789000 	C:\WINDOWS\SYSTEM32\dbgcore.DLL
0x00007ffef2400000 - 0x00007ffef2499000 	C:\WINDOWS\System32\bcryptPrimitives.dll
0x00007ffec3b00000 - 0x00007ffec3b0e000 	C:\Users\sathwik\.jdks\corretto-21.0.4\bin\instrument.dll
0x00007ffed4450000 - 0x00007ffed446f000 	C:\Users\sathwik\.jdks\corretto-21.0.4\bin\java.dll
0x00007ffef2ab0000 - 0x00007ffef31f2000 	C:\WINDOWS\System32\SHELL32.dll
0x00007ffef2790000 - 0x00007ffef2904000 	C:\WINDOWS\System32\wintypes.dll
0x00007ffeefa90000 - 0x00007ffef02e8000 	C:\WINDOWS\SYSTEM32\windows.storage.dll
0x00007ffef42b0000 - 0x00007ffef43a1000 	C:\WINDOWS\System32\SHCORE.dll
0x00007ffef3b80000 - 0x00007ffef3bea000 	C:\WINDOWS\System32\shlwapi.dll
0x00007ffef1d20000 - 0x00007ffef1d4f000 	C:\WINDOWS\SYSTEM32\profapi.dll
0x00007ffec0040000 - 0x00007ffec0117000 	C:\Users\sathwik\.jdks\corretto-21.0.4\bin\jsvml.dll
0x00007ffed4e00000 - 0x00007ffed4e10000 	C:\Users\sathwik\.jdks\corretto-21.0.4\bin\net.dll
0x00007ffee0ed0000 - 0x00007ffee0fee000 	C:\WINDOWS\SYSTEM32\WINHTTP.dll
0x00007ffef1260000 - 0x00007ffef12ca000 	C:\WINDOWS\system32\mswsock.dll
0x00007ffed2e10000 - 0x00007ffed2e26000 	C:\Users\sathwik\.jdks\corretto-21.0.4\bin\nio.dll
0x00007ffec1720000 - 0x00007ffec1738000 	C:\Users\sathwik\.jdks\corretto-21.0.4\bin\zip.dll
0x00007ffebfe50000 - 0x00007ffebfe6a000 	C:\Program Files\JetBrains\IntelliJ IDEA Community Edition 2024.1.4\bin\breakgen64.dll
0x000002989aa30000 - 0x000002989aa33000 	C:\javafx-sdk-21.0.7\bin\api-ms-win-core-console-l1-1-0.dll
0x000002989aa40000 - 0x000002989aa43000 	C:\javafx-sdk-21.0.7\bin\api-ms-win-core-console-l1-2-0.dll
0x000002989aa50000 - 0x000002989aa53000 	C:\javafx-sdk-21.0.7\bin\api-ms-win-core-datetime-l1-1-0.dll
0x000002989aa60000 - 0x000002989aa63000 	C:\javafx-sdk-21.0.7\bin\api-ms-win-core-debug-l1-1-0.dll
0x000002989aa70000 - 0x000002989aa73000 	C:\javafx-sdk-21.0.7\bin\api-ms-win-core-errorhandling-l1-1-0.dll
0x000002989aa80000 - 0x000002989aa84000 	C:\javafx-sdk-21.0.7\bin\api-ms-win-core-file-l1-1-0.dll
0x000002989c3d0000 - 0x000002989c3d3000 	C:\javafx-sdk-21.0.7\bin\api-ms-win-core-file-l1-2-0.dll
0x000002989c3e0000 - 0x000002989c3e3000 	C:\javafx-sdk-21.0.7\bin\api-ms-win-core-file-l2-1-0.dll
0x000002989c3f0000 - 0x000002989c3f3000 	C:\javafx-sdk-21.0.7\bin\api-ms-win-core-handle-l1-1-0.dll
0x000002989c400000 - 0x000002989c403000 	C:\javafx-sdk-21.0.7\bin\api-ms-win-core-heap-l1-1-0.dll
0x00000298bbee0000 - 0x00000298bbee3000 	C:\javafx-sdk-21.0.7\bin\api-ms-win-core-interlocked-l1-1-0.dll
0x00000298bbef0000 - 0x00000298bbef3000 	C:\javafx-sdk-21.0.7\bin\api-ms-win-core-libraryloader-l1-1-0.dll
0x00000298bbf00000 - 0x00000298bbf03000 	C:\javafx-sdk-21.0.7\bin\api-ms-win-core-localization-l1-2-0.dll
0x00000298bbf10000 - 0x00000298bbf13000 	C:\javafx-sdk-21.0.7\bin\api-ms-win-core-memory-l1-1-0.dll
0x00000298bbf20000 - 0x00000298bbf23000 	C:\javafx-sdk-21.0.7\bin\api-ms-win-core-namedpipe-l1-1-0.dll
0x00000298bbf30000 - 0x00000298bbf33000 	C:\javafx-sdk-21.0.7\bin\api-ms-win-core-processenvironment-l1-1-0.dll
0x00000298bbf40000 - 0x00000298bbf43000 	C:\javafx-sdk-21.0.7\bin\api-ms-win-core-processthreads-l1-1-0.dll
0x00000298bbf50000 - 0x00000298bbf53000 	C:\javafx-sdk-21.0.7\bin\api-ms-win-core-processthreads-l1-1-1.dll
0x00000298bbf60000 - 0x00000298bbf63000 	C:\javafx-sdk-21.0.7\bin\api-ms-win-core-profile-l1-1-0.dll
0x00000298bbf70000 - 0x00000298bbf73000 	C:\javafx-sdk-21.0.7\bin\api-ms-win-core-rtlsupport-l1-1-0.dll
0x00000298bbf80000 - 0x00000298bbf83000 	C:\javafx-sdk-21.0.7\bin\api-ms-win-core-string-l1-1-0.dll
0x00000298bbf90000 - 0x00000298bbf93000 	C:\javafx-sdk-21.0.7\bin\api-ms-win-core-synch-l1-1-0.dll
0x00000298bbfa0000 - 0x00000298bbfa3000 	C:\javafx-sdk-21.0.7\bin\api-ms-win-core-synch-l1-2-0.dll
0x00000298bbfb0000 - 0x00000298bbfb3000 	C:\javafx-sdk-21.0.7\bin\api-ms-win-core-sysinfo-l1-1-0.dll
0x00000298bbfc0000 - 0x00000298bbfc3000 	C:\javafx-sdk-21.0.7\bin\api-ms-win-core-timezone-l1-1-0.dll
0x00000298bbfd0000 - 0x00000298bbfd3000 	C:\javafx-sdk-21.0.7\bin\api-ms-win-core-util-l1-1-0.dll
0x00000298bbfe0000 - 0x00000298bbfe3000 	C:\javafx-sdk-21.0.7\bin\api-ms-win-crt-conio-l1-1-0.dll
0x00000298bbff0000 - 0x00000298bbff4000 	C:\javafx-sdk-21.0.7\bin\api-ms-win-crt-convert-l1-1-0.dll
0x00000298febd0000 - 0x00000298febd3000 	C:\javafx-sdk-21.0.7\bin\api-ms-win-crt-environment-l1-1-0.dll
0x00000298febe0000 - 0x00000298febe3000 	C:\javafx-sdk-21.0.7\bin\api-ms-win-crt-filesystem-l1-1-0.dll
0x00000298febf0000 - 0x00000298febf3000 	C:\javafx-sdk-21.0.7\bin\api-ms-win-crt-heap-l1-1-0.dll
0x00000298fec00000 - 0x00000298fec03000 	C:\javafx-sdk-21.0.7\bin\api-ms-win-crt-locale-l1-1-0.dll
0x00000298fec10000 - 0x00000298fec15000 	C:\javafx-sdk-21.0.7\bin\api-ms-win-crt-math-l1-1-0.dll
0x00000298fec20000 - 0x00000298fec25000 	C:\javafx-sdk-21.0.7\bin\api-ms-win-crt-multibyte-l1-1-0.dll
0x00000298fec30000 - 0x00000298fec40000 	C:\javafx-sdk-21.0.7\bin\api-ms-win-crt-private-l1-1-0.dll
0x00000298fec40000 - 0x00000298fec43000 	C:\javafx-sdk-21.0.7\bin\api-ms-win-crt-process-l1-1-0.dll
0x00000298fec50000 - 0x00000298fec54000 	C:\javafx-sdk-21.0.7\bin\api-ms-win-crt-runtime-l1-1-0.dll
0x00000298fec60000 - 0x00000298fec64000 	C:\javafx-sdk-21.0.7\bin\api-ms-win-crt-stdio-l1-1-0.dll
0x00000298fec70000 - 0x00000298fec74000 	C:\javafx-sdk-21.0.7\bin\api-ms-win-crt-string-l1-1-0.dll
0x00000298fec80000 - 0x00000298fec83000 	C:\javafx-sdk-21.0.7\bin\api-ms-win-crt-time-l1-1-0.dll
0x00000298fec90000 - 0x00000298fec93000 	C:\javafx-sdk-21.0.7\bin\api-ms-win-crt-utility-l1-1-0.dll
0x00007ffea4060000 - 0x00007ffea415c000 	C:\javafx-sdk-21.0.7\bin\ucrtbase.dll
0x00007ffebfdd0000 - 0x00007ffebfdeb000 	C:\javafx-sdk-21.0.7\bin\vcruntime140.dll
0x00007ffec2770000 - 0x00007ffec277c000 	C:\javafx-sdk-21.0.7\bin\vcruntime140_1.dll
0x00007ffea4a00000 - 0x00007ffea4a8e000 	C:\javafx-sdk-21.0.7\bin\msvcp140.dll
0x00007ffec2710000 - 0x00007ffec2719000 	C:\javafx-sdk-21.0.7\bin\msvcp140_1.dll
0x00007ffea9db0000 - 0x00007ffea9df1000 	C:\javafx-sdk-21.0.7\bin\msvcp140_2.dll
0x00007ffebd1d0000 - 0x00007ffebd200000 	C:\javafx-sdk-21.0.7\bin\prism_d3d.dll
0x00007ffe958f0000 - 0x00007ffe95aa7000 	C:\WINDOWS\system32\d3d9.dll
0x00007ffeec700000 - 0x00007ffeec736000 	C:\WINDOWS\SYSTEM32\dwmapi.dll
0x00007ffeec3e0000 - 0x00007ffeec42d000 	C:\WINDOWS\SYSTEM32\dxcore.dll
0x00007ffeec1e0000 - 0x00007ffeec28f000 	C:\WINDOWS\system32\uxtheme.dll
0x00007ffe95660000 - 0x00007ffe958ee000 	C:\WINDOWS\System32\DriverStore\FileRepository\iigd_dch.inf_amd64_f2ae5c2c9848b608\igdumdim64.dll
0x00007ffef39d0000 - 0x00007ffef3b6e000 	C:\WINDOWS\System32\ole32.dll
0x00007ffe94120000 - 0x00007ffe95657000 	C:\WINDOWS\System32\DriverStore\FileRepository\iigd_dch.inf_amd64_f2ae5c2c9848b608\igd9dxva64.dll
0x00007ffef47f0000 - 0x00007ffef4c76000 	C:\WINDOWS\System32\SETUPAPI.dll
0x00007ffef1a70000 - 0x00007ffef1ac7000 	C:\WINDOWS\SYSTEM32\cfgmgr32.dll
0x00007ffed9660000 - 0x00007ffedb38e000 	C:\WINDOWS\System32\DriverStore\FileRepository\iigd_dch.inf_amd64_f2ae5c2c9848b608\media_bin_64.dll
0x00007ffee5fb0000 - 0x00007ffee63f2000 	C:\WINDOWS\System32\DriverStore\FileRepository\iigd_dch.inf_amd64_f2ae5c2c9848b608\igdgmm64.dll
0x00007ffeec430000 - 0x00007ffeec491000 	C:\WINDOWS\SYSTEM32\directxdatabasehelper.dll
0x00007ffea51b0000 - 0x00007ffea51f2000 	C:\javafx-sdk-21.0.7\bin\glass.dll
0x00007ffef4160000 - 0x00007ffef4256000 	C:\WINDOWS\System32\COMDLG32.dll
0x00007ffef3f40000 - 0x00007ffef40a0000 	C:\WINDOWS\System32\MSCTF.dll
0x00007ffed95f0000 - 0x00007ffed9619000 	C:\WINDOWS\System32\DriverStore\FileRepository\iigd_dch.inf_amd64_f2ae5c2c9848b608\igdinfo64.dll
0x00007ffee5e10000 - 0x00007ffee5e36000 	C:\WINDOWS\System32\DriverStore\FileRepository\iigd_dch.inf_amd64_f2ae5c2c9848b608\igc64.dll
0x00007ffee1000000 - 0x00007ffee5852000 	C:\WINDOWS\System32\DriverStore\FileRepository\iigd_dch.inf_amd64_f2ae5c2c9848b608\igc-default64.dll
0x00007ffebd8d0000 - 0x00007ffebd8e5000 	C:\javafx-sdk-21.0.7\bin\javafx_font.dll
0x00007ffeeaaf0000 - 0x00007ffeead5b000 	C:\WINDOWS\SYSTEM32\dwrite.dll
0x00007ffef3d60000 - 0x00007ffef3e08000 	C:\WINDOWS\System32\clbcatq.dll
0x00007ffeea400000 - 0x00007ffeea639000 	C:\WINDOWS\SYSTEM32\WindowsCodecs.dll
0x00007ffea8ed0000 - 0x00007ffea8f2a000 	C:\WINDOWS\system32\dataexchange.dll
0x00007ffedf580000 - 0x00007ffedf7ba000 	C:\WINDOWS\system32\twinapi.appcore.dll
0x00007ffebc2b0000 - 0x00007ffebc2dc000 	C:\Program Files\Common Files\Microsoft Shared\Ink\rtscom.dll
0x00007ffed86c0000 - 0x00007ffed8810000 	C:\WINDOWS\SYSTEM32\textinputframework.dll
0x00007ffeebdf0000 - 0x00007ffeebf15000 	C:\WINDOWS\SYSTEM32\CoreMessaging.dll
0x00007ffee83b0000 - 0x00007ffee8693000 	C:\WINDOWS\SYSTEM32\CoreUIComponents.dll
0x00007ffef1510000 - 0x00007ffef151c000 	C:\WINDOWS\SYSTEM32\CRYPTBASE.DLL
0x00007ffef1520000 - 0x00007ffef153b000 	C:\WINDOWS\SYSTEM32\CRYPTSP.dll
0x00007ffef0c50000 - 0x00007ffef0c8a000 	C:\WINDOWS\system32\rsaenh.dll
0x00007ffef1300000 - 0x00007ffef132b000 	C:\WINDOWS\SYSTEM32\USERENV.dll

dbghelp: loaded successfully - version: 4.0.5 - missing functions: none
symbol engine: initialized successfully - sym options: 0x614 - pdb path: .;C:\Users\sathwik\.jdks\corretto-21.0.4\bin;C:\WINDOWS\SYSTEM32;C:\WINDOWS\WinSxS\amd64_microsoft.windows.common-controls_6595b64144ccf1df_6.0.26100.4202_none_3e0698d4e335f517;C:\Users\sathwik\.jdks\corretto-21.0.4\bin\server;C:\Program Files\JetBrains\IntelliJ IDEA Community Edition 2024.1.4\bin;C:\javafx-sdk-21.0.7\bin;C:\WINDOWS\System32\DriverStore\FileRepository\iigd_dch.inf_amd64_f2ae5c2c9848b608;C:\WINDOWS\System32\DriverStore\FileRepository\nvdm.inf_amd64_c1aaf6c3f59066a5;C:\Program Files\Common Files\Microsoft Shared\Ink;C:\Users\sathwik\AppData\Local\Temp

VM Arguments:
jvm_args: -javaagent:C:\Program Files\JetBrains\IntelliJ IDEA Community Edition 2024.1.4\lib\idea_rt.jar=51380:C:\Program Files\JetBrains\IntelliJ IDEA Community Edition 2024.1.4\bin -Dfile.encoding=UTF-8 -Dsun.stdout.encoding=UTF-8 -Dsun.stderr.encoding=UTF-8 --module-path=C:\javafx-sdk-21.0.7\lib\javafx.fxml.jar;C:\javafx-sdk-21.0.7\lib\javafx.base.jar;C:\Users\sathwik\Desktop\QuickBillPro\out\production\QuickBillPro;C:\javafx-sdk-21.0.7\lib\javafx.graphics.jar;C:\Users\sathwik\Desktop\QuickBillPro\sqlite-jdbc-3.50.1.0.jar;C:\javafx-sdk-21.0.7\lib\javafx.controls.jar -Djdk.module.main=QuickBillPro 
java_command: QuickBillPro/app.Main
java_class_path (initial): C:\javafx-sdk-21.0.7\lib\javafx-swt.jar;C:\javafx-sdk-21.0.7\lib\javafx.media.jar;C:\javafx-sdk-21.0.7\lib\javafx.swing.jar;C:\javafx-sdk-21.0.7\lib\javafx.web.jar;C:\Users\sathwik\Desktop\QuickBillPro\mysql-connector-j-9.3.0.jar
Launcher Type: SUN_STANDARD

[Global flags]
     intx CICompilerCount                          = 4                                         {product} {ergonomic}
     uint ConcGCThreads                            = 2                                         {product} {ergonomic}
     uint G1ConcRefinementThreads                  = 8                                         {product} {ergonomic}
   size_t G1HeapRegionSize                         = 2097152                                   {product} {ergonomic}
    uintx GCDrainStackTargetSize                   = 64                                        {product} {ergonomic}
   size_t InitialHeapSize                          = 264241152                                 {product} {ergonomic}
   size_t MarkStackSize                            = 4194304                                   {product} {ergonomic}
   size_t MaxHeapSize                              = 4223664128                                {product} {ergonomic}
   size_t MaxNewSize                               = 2533359616                                {product} {ergonomic}
   size_t MinHeapDeltaBytes                        = 2097152                                   {product} {ergonomic}
   size_t MinHeapSize                              = 8388608                                   {product} {ergonomic}
    uintx NonNMethodCodeHeapSize                   = 5839372                                {pd product} {ergonomic}
    uintx NonProfiledCodeHeapSize                  = 122909434                              {pd product} {ergonomic}
    uintx ProfiledCodeHeapSize                     = 122909434                              {pd product} {ergonomic}
    uintx ReservedCodeCacheSize                    = 251658240                              {pd product} {ergonomic}
     bool SegmentedCodeCache                       = true                                      {product} {ergonomic}
   size_t SoftMaxHeapSize                          = 4223664128                             {manageable} {ergonomic}
     bool UseCompressedOops                        = true                           {product lp64_product} {ergonomic}
     bool UseG1GC                                  = true                                      {product} {ergonomic}
     bool UseLargePagesIndividualAllocation        = false                                  {pd product} {ergonomic}

Logging:
Log output configuration:
 #0: stdout all=off uptime,level,tags foldmultilines=false
 #1: stderr all=off uptime,level,tags foldmultilines=false

Environment Variables:
JAVA_HOME=C:\Program Files\Java\jdk1.8.0_202
PATH=C:\Users\sathwik\AppData\Local\Programs\Python\Python312\Scripts\;C:\Users\sathwik\AppData\Local\Programs\Python\Python312\;C:\Program Files (x86)\Common Files\Oracle\Java\javapath;C:\Program Files\Common Files\Oracle\Java\javapath;C:\oraclexe\app\oracle\product\11.2.0\server\bin;C:\Windows\system32;C:\Windows;C:\Windows\System32\Wbem;C:\Windows\System32\WindowsPowerShell\v1.0\;C:\Windows\System32\OpenSSH\;C:\WINDOWS\system32;C:\WINDOWS;C:\WINDOWS\System32\Wbem;C:\WINDOWS\System32\WindowsPowerShell\v1.0\;C:\WINDOWS\System32\OpenSSH\;C:\Program Files\dotnet\;C:\Program Files (x86)\NVIDIA Corporation\PhysX\Common;C:\Program Files\NVIDIA Corporation\NVIDIA NvDLISR;C:\Program Files\Java\jdk1.8.0_202\bin;C:\Users\sathwik\Downloads\chromedriver_win32;C:\Spark\hadoop\bin;E:\apps\Git\cmd;C:\Program Files\nodejs\;C:\ProgramData\chocolatey\bin;C:\Spark\spark-3.5.4-bin-hadoop3\bin;C:\Program Files\scala-cli-x86_64-pc-win32\;C:\Program Files\PowerShell\7\;C:\Users\sathwik\AppData\Local\Programs\Python\Python313\Scripts\;C:\Users\sathwik\AppData\Local\Programs\Python\Python313\;C:\Program Files\MySQL\MySQL Shell 8.0\bin\;C:\Users\sathwik\AppData\Local\Microsoft\WindowsApps;C:\Users\sathwik\AppData\Local\Programs\Microsoft VS Code\bin;C:\Users\sathwik\.dotnet\tools;C:\msys64\ucrt64\bin;C:\Users\sathwik\AppData\Local\Microsoft\WinGet\Packages\Schniz.fnm_Microsoft.Winget.Source_8wekyb3d8bbwe;C:\Users\sathwik\AppData\Roaming\npm;C:\Program Files (x86)\Graphviz\bin;C:\kafka\kafka_2.12-3.7.0\bin;C:\Program Files (x86)\Nmap;C:\Users\sathwik\AppData\Local\Programs\cursor\resources\app\bin
USERNAME=sathwik
OS=Windows_NT
PROCESSOR_IDENTIFIER=Intel64 Family 6 Model 140 Stepping 1, GenuineIntel
TMP=C:\Users\sathwik\AppData\Local\Temp
TEMP=C:\Users\sathwik\AppData\Local\Temp




Periodic native trim disabled

---------------  S Y S T E M  ---------------

OS:
 Windows 11 , 64 bit Build 26100 (10.0.26100.4202)
OS uptime: 0 days 2:06 hours
Hyper-V role detected

CPU: total 8 (initial active 8) (4 cores per cpu, 2 threads per core) family 6 model 140 stepping 1 microcode 0xbc, cx8, cmov, fxsr, ht, mmx, 3dnowpref, sse, sse2, sse3, ssse3, sse4.1, sse4.2, popcnt, lzcnt, tsc, tscinvbit, avx, avx2, aes, erms, clmul, bmi1, bmi2, adx, avx512f, avx512dq, avx512cd, avx512bw, avx512vl, sha, fma, vzeroupper, avx512_vpopcntdq, avx512_vpclmulqdq, avx512_vaes, avx512_vnni, clflush, clflushopt, clwb, avx512_vbmi2, avx512_vbmi, hv, rdtscp, rdpid, fsrm, gfni, avx512_bitalg, f16c, cet_ibt, cet_ss, avx512_ifma
Processor Information for processor 0
  Max Mhz: 2419, Current Mhz: 2419, Mhz Limit: 2419
Processor Information for processor 1
  Max Mhz: 2419, Current Mhz: 2419, Mhz Limit: 2419
Processor Information for processor 2
  Max Mhz: 2419, Current Mhz: 2419, Mhz Limit: 2419
Processor Information for processor 3
  Max Mhz: 2419, Current Mhz: 1209, Mhz Limit: 2419
Processor Information for processor 4
  Max Mhz: 2419, Current Mhz: 2419, Mhz Limit: 2419
Processor Information for processor 5
  Max Mhz: 2419, Current Mhz: 2419, Mhz Limit: 2419
Processor Information for processor 6
  Max Mhz: 2419, Current Mhz: 2419, Mhz Limit: 2419
Processor Information for processor 7
  Max Mhz: 2419, Current Mhz: 2419, Mhz Limit: 2419

Memory: 4k page, system-wide physical 16106M (4264M free)
TotalPageFile size 24810M (AvailPageFile size 9260M)
current process WorkingSet (physical memory assigned to process): 231M, peak: 265M
current process commit charge ("private bytes"): 462M, peak: 500M

vm_info: OpenJDK 64-Bit Server VM (21.0.4+7-LTS) for windows-amd64 JRE (21.0.4+7-LTS), built on 2024-07-10T17:34:29Z by "Administrator" with MS VC++ 16.10 / 16.11 (VS2019)

END.
